2026-03-18 06:54:55.901: [INFO][Sync] Reset engine, reason: 8
2026-03-18 06:54:55.901: [INFO][Sync] Stopped: Bookmarks
2026-03-18 06:54:55.901: [INFO][Sync] Stopped: Preferences
2026-03-18 06:54:55.901: [INFO][Sync] Stopped: Passwords
2026-03-18 06:54:55.901: [INFO][Sync] Stopped: Autofill Profiles
2026-03-18 06:54:55.901: [INFO][Sync] Stopped: Autofill
2026-03-18 06:54:55.901: [INFO][Sync] Stopped: Extensions
2026-03-18 06:54:55.901: [INFO][Sync] Stopped: Sessions
2026-03-18 06:54:55.901: [INFO][Sync] Stopped: Extension settings
2026-03-18 06:54:55.901: [INFO][Sync] Stopped: History Delete Directives
2026-03-18 06:54:55.901: [INFO][Sync] Stopped: Device Info
2026-03-18 06:54:55.901: [INFO][Sync] Stopped: User Consents
2026-03-18 06:54:55.901: [INFO][Sync] Stopped: Send Tab To Self
2026-03-18 06:54:55.901: [INFO][Sync] Stopped: Web Apps
2026-03-18 06:54:55.901: [INFO][Sync] Stopped: History
2026-03-18 06:54:55.901: [INFO][Sync] Stopped: Saved Tab Group
2026-03-18 06:54:55.901: [INFO][Sync] Stopped: WebAuthn Credentials
2026-03-18 06:54:55.901: [INFO][Sync] Stopped: Collection
2026-03-18 06:54:55.901: [INFO][Sync] Stopped: Edge E Drop
2026-03-18 06:54:55.901: [INFO][Sync] Stopped: Edge Hub App Usage
2026-03-18 06:54:55.901: [INFO][Sync] Stopped: Edge Wallet
2026-03-18 06:54:55.901: [INFO][Sync] Stopped: Edge Workspace
2026-03-18 06:54:55.901: [INFO][Sync] SyncState after authenticated was: NotSignedIn
2026-03-18 06:54:56.093: [INFO][Sync] Reset engine, reason: 8
2026-03-18 06:54:56.093: [INFO][Sync] Stopped: Bookmarks
2026-03-18 06:54:56.093: [INFO][Sync] Stopped: Preferences
2026-03-18 06:54:56.093: [INFO][Sync] Stopped: Passwords
2026-03-18 06:54:56.093: [INFO][Sync] Stopped: Autofill Profiles
2026-03-18 06:54:56.093: [INFO][Sync] Stopped: Autofill
2026-03-18 06:54:56.093: [INFO][Sync] Stopped: Extensions
2026-03-18 06:54:56.093: [INFO][Sync] Stopped: Sessions
2026-03-18 06:54:56.093: [INFO][Sync] Stopped: Extension settings
2026-03-18 06:54:56.093: [INFO][Sync] Stopped: History Delete Directives
2026-03-18 06:54:56.093: [INFO][Sync] Stopped: Device Info
2026-03-18 06:54:56.093: [INFO][Sync] Stopped: User Consents
2026-03-18 06:54:56.093: [INFO][Sync] Stopped: Send Tab To Self
2026-03-18 06:54:56.093: [INFO][Sync] Stopped: Web Apps
2026-03-18 06:54:56.093: [INFO][Sync] Stopped: History
2026-03-18 06:54:56.093: [INFO][Sync] Stopped: Saved Tab Group
2026-03-18 06:54:56.093: [INFO][Sync] Stopped: WebAuthn Credentials
2026-03-18 06:54:56.093: [INFO][Sync] Stopped: Collection
2026-03-18 06:54:56.093: [INFO][Sync] Stopped: Edge E Drop
2026-03-18 06:54:56.093: [INFO][Sync] Stopped: Edge Hub App Usage
2026-03-18 06:54:56.093: [INFO][Sync] Stopped: Edge Wallet
2026-03-18 06:54:56.093: [INFO][Sync] Stopped: Edge Workspace
2026-03-18 06:56:11.862: [INFO][Sync] Reset engine, reason: 0
2026-03-18 11:40:08.008: [INFO][Sync] Reset engine, reason: 8
2026-03-18 11:40:08.008: [INFO][Sync] Stopped: Bookmarks
2026-03-18 11:40:08.008: [INFO][Sync] Stopped: Preferences
2026-03-18 11:40:08.008: [INFO][Sync] Stopped: Passwords
2026-03-18 11:40:08.008: [INFO][Sync] Stopped: Autofill Profiles
2026-03-18 11:40:08.008: [INFO][Sync] Stopped: Autofill
2026-03-18 11:40:08.008: [INFO][Sync] Stopped: Extensions
2026-03-18 11:40:08.008: [INFO][Sync] Stopped: Sessions
2026-03-18 11:40:08.008: [INFO][Sync] Stopped: Extension settings
2026-03-18 11:40:08.008: [INFO][Sync] Stopped: History Delete Directives
2026-03-18 11:40:08.008: [INFO][Sync] Stopped: Device Info
2026-03-18 11:40:08.008: [INFO][Sync] Stopped: User Consents
2026-03-18 11:40:08.008: [INFO][Sync] Stopped: Send Tab To Self
2026-03-18 11:40:08.008: [INFO][Sync] Stopped: Web Apps
2026-03-18 11:40:08.008: [INFO][Sync] Stopped: History
2026-03-18 11:40:08.008: [INFO][Sync] Stopped: Saved Tab Group
2026-03-18 11:40:08.008: [INFO][Sync] Stopped: WebAuthn Credentials
2026-03-18 11:40:08.008: [INFO][Sync] Stopped: Collection
2026-03-18 11:40:08.008: [INFO][Sync] Stopped: Edge E Drop
2026-03-18 11:40:08.008: [INFO][Sync] Stopped: Edge Hub App Usage
2026-03-18 11:40:08.008: [INFO][Sync] Stopped: Edge Wallet
2026-03-18 11:40:08.008: [INFO][Sync] Stopped: Edge Workspace
2026-03-18 11:40:08.008: [INFO][Sync] SyncState after authenticated was: NotSignedIn
2026-03-18 11:40:08.129: [INFO][Sync] Reset engine, reason: 8
2026-03-18 11:40:08.129: [INFO][Sync] Stopped: Bookmarks
2026-03-18 11:40:08.129: [INFO][Sync] Stopped: Preferences
2026-03-18 11:40:08.129: [INFO][Sync] Stopped: Passwords
2026-03-18 11:40:08.130: [INFO][Sync] Stopped: Autofill Profiles
2026-03-18 11:40:08.130: [INFO][Sync] Stopped: Autofill
2026-03-18 11:40:08.130: [INFO][Sync] Stopped: Extensions
2026-03-18 11:40:08.130: [INFO][Sync] Stopped: Sessions
2026-03-18 11:40:08.130: [INFO][Sync] Stopped: Extension settings
2026-03-18 11:40:08.130: [INFO][Sync] Stopped: History Delete Directives
2026-03-18 11:40:08.130: [INFO][Sync] Stopped: Device Info
2026-03-18 11:40:08.130: [INFO][Sync] Stopped: User Consents
2026-03-18 11:40:08.130: [INFO][Sync] Stopped: Send Tab To Self
2026-03-18 11:40:08.130: [INFO][Sync] Stopped: Web Apps
2026-03-18 11:40:08.130: [INFO][Sync] Stopped: History
2026-03-18 11:40:08.130: [INFO][Sync] Stopped: Saved Tab Group
2026-03-18 11:40:08.130: [INFO][Sync] Stopped: WebAuthn Credentials
2026-03-18 11:40:08.130: [INFO][Sync] Stopped: Collection
2026-03-18 11:40:08.130: [INFO][Sync] Stopped: Edge E Drop
2026-03-18 11:40:08.130: [INFO][Sync] Stopped: Edge Hub App Usage
2026-03-18 11:40:08.130: [INFO][Sync] Stopped: Edge Wallet
2026-03-18 11:40:08.130: [INFO][Sync] Stopped: Edge Workspace
2026-03-18 11:44:59.312: [INFO][Sync] Reset engine, reason: 0
2026-03-18 11:45:17.586: [INFO][Sync] Reset engine, reason: 8
2026-03-18 11:45:17.586: [INFO][Sync] Stopped: Bookmarks
2026-03-18 11:45:17.586: [INFO][Sync] Stopped: Preferences
2026-03-18 11:45:17.586: [INFO][Sync] Stopped: Passwords
2026-03-18 11:45:17.586: [INFO][Sync] Stopped: Autofill Profiles
2026-03-18 11:45:17.586: [INFO][Sync] Stopped: Autofill
2026-03-18 11:45:17.586: [INFO][Sync] Stopped: Extensions
2026-03-18 11:45:17.586: [INFO][Sync] Stopped: Sessions
2026-03-18 11:45:17.586: [INFO][Sync] Stopped: Extension settings
2026-03-18 11:45:17.586: [INFO][Sync] Stopped: History Delete Directives
2026-03-18 11:45:17.586: [INFO][Sync] Stopped: Device Info
2026-03-18 11:45:17.586: [INFO][Sync] Stopped: User Consents
2026-03-18 11:45:17.586: [INFO][Sync] Stopped: Send Tab To Self
2026-03-18 11:45:17.586: [INFO][Sync] Stopped: Web Apps
2026-03-18 11:45:17.586: [INFO][Sync] Stopped: History
2026-03-18 11:45:17.586: [INFO][Sync] Stopped: Saved Tab Group
2026-03-18 11:45:17.586: [INFO][Sync] Stopped: WebAuthn Credentials
2026-03-18 11:45:17.586: [INFO][Sync] Stopped: Collection
2026-03-18 11:45:17.586: [INFO][Sync] Stopped: Edge E Drop
2026-03-18 11:45:17.586: [INFO][Sync] Stopped: Edge Hub App Usage
2026-03-18 11:45:17.586: [INFO][Sync] Stopped: Edge Wallet
2026-03-18 11:45:17.586: [INFO][Sync] Stopped: Edge Workspace
2026-03-18 11:45:17.586: [INFO][Sync] SyncState after authenticated was: NotSignedIn
2026-03-18 11:45:17.706: [INFO][Sync] Reset engine, reason: 8
2026-03-18 11:45:17.706: [INFO][Sync] Stopped: Bookmarks
2026-03-18 11:45:17.706: [INFO][Sync] Stopped: Preferences
2026-03-18 11:45:17.706: [INFO][Sync] Stopped: Passwords
2026-03-18 11:45:17.706: [INFO][Sync] Stopped: Autofill Profiles
2026-03-18 11:45:17.706: [INFO][Sync] Stopped: Autofill
2026-03-18 11:45:17.706: [INFO][Sync] Stopped: Extensions
2026-03-18 11:45:17.706: [INFO][Sync] Stopped: Sessions
2026-03-18 11:45:17.706: [INFO][Sync] Stopped: Extension settings
2026-03-18 11:45:17.706: [INFO][Sync] Stopped: History Delete Directives
2026-03-18 11:45:17.706: [INFO][Sync] Stopped: Device Info
2026-03-18 11:45:17.706: [INFO][Sync] Stopped: User Consents
2026-03-18 11:45:17.706: [INFO][Sync] Stopped: Send Tab To Self
2026-03-18 11:45:17.706: [INFO][Sync] Stopped: Web Apps
2026-03-18 11:45:17.706: [INFO][Sync] Stopped: History
2026-03-18 11:45:17.706: [INFO][Sync] Stopped: Saved Tab Group
2026-03-18 11:45:17.706: [INFO][Sync] Stopped: WebAuthn Credentials
2026-03-18 11:45:17.706: [INFO][Sync] Stopped: Collection
2026-03-18 11:45:17.706: [INFO][Sync] Stopped: Edge E Drop
2026-03-18 11:45:17.706: [INFO][Sync] Stopped: Edge Hub App Usage
2026-03-18 11:45:17.706: [INFO][Sync] Stopped: Edge Wallet
2026-03-18 11:45:17.706: [INFO][Sync] Stopped: Edge Workspace
2026-03-18 11:46:33.236: [INFO][Sync] Reset engine, reason: 0
